Shaymin Антон Назаров из команды желтых вступает в бой!
Tirtouga Леся Набока из команды синих вступает в бой!
Shaymin Антон Назаров использует способность Magical Leaf. 
Tirtouga Леся Набока теряет 24 здоровья.

Tirtouga Леся Набока борется с соперником. 
Критический удар!
Shaymin Антон Назаров теряет 23 здоровья.
Tirtouga Леся Набока теряет 6 здоровья.
Shaymin Антон Назаров теряет сознание.
Wigglytuff Александр Ильин из команды желтых вступает в бой!
Tirtouga Леся Набока борется с соперником. 
Wigglytuff Александр Ильин теряет 11 здоровья.
Tirtouga Леся Набока теряет 3 здоровья.

Wigglytuff Александр Ильин использует способность Psychic. 
Tirtouga Леся Набока теряет 4 здоровья.
Tirtouga Леся Набока теряет сознание.
Igglybuff Алексей Гладков из команды синих вступает в бой!
Wigglytuff Александр Ильин использует способность Psychic. 
Igglybuff Алексей Гладков теряет 6 здоровья.

Igglybuff Алексей Гладков использует способность Psychic. 
Wigglytuff Александр Ильин теряет 5 здоровья.

Wigglytuff Александр Ильин использует способность Psychic. 
Igglybuff Алексей Гладков теряет 6 здоровья.

Igglybuff Алексей Гладков использует способность Psychic. 
Wigglytuff Александр Ильин теряет 6 здоровья.
Wigglytuff Александр Ильин теряет сознание.
Carracosta Роман Сакутин из команды желтых вступает в бой!
Carracosta Роман Сакутин использует способность Focus Blast. 
Igglybuff Алексей Гладков теряет 73 здоровья.
Igglybuff Алексей Гладков уменьшает специальную защиту.
Igglybuff Алексей Гладков теряет сознание.
Pokemon Влад Мишустин из команды синих вступает в бой!
Carracosta Роман Сакутин использует способность Bite. 
Pokemon Влад Мишустин теряет 38 здоровья.
Pokemon Влад Мишустин теряет сознание.
В команде синих не осталось покемонов.
Команда желтых побеждает в этом бою!